<?xml version="1.0" encoding="UTF-8"?>
<!-- Generated by org.testng.reporters.JUnitXMLReporter -->
<testsuite hostname="emerjencylap1" name="Test1" tests="3" failures="0" timestamp="29 Apr 2016 11:18:21 GMT" time="238.104" errors="0">
  <testcase name="ThirdTest" time="48.92" classname="com.iso.ppw.test.ui.testNg.PassportTestNg"/>
  <testcase name="FirstTest" time="66.892" classname="com.iso.ppw.test.ui.testNg.PassportTestNg"/>
  <testcase name="SecondTest" time="233.839" classname="com.iso.ppw.test.ui.testNg.PassportTestNg"/>
</testsuite> <!-- Test1 -->
